N=2048
[BLD] Matrix multiplication
[BLD] Matrix multiplication transposed
[BLD] Matrix multiplication submatrix
22.210865 secs
22.302915 secs
22.397172 secs
22.273491 secs
22.201365 secs
22.311002 secs
22.272934 secs
22.214218 secs
22.155556 secs
22.377237 secs
22.352115 secs
22.487820 secs
22.477027 secs
22.467647 secs
22.607047 secs
22.725860 secs
22.623445 secs
22.560686 secs
22.720499 secs
22.738269 secs
22.619004 secs
22.552979 secs
22.751594 secs
22.441811 secs
22.374615 secs
22.296145 secs
22.335049 secs
22.283708 secs
22.474190 secs
22.517315 secs
22.695797 secs
22.042737 secs
7.142341 secs
7.417245 secs
7.093629 secs
7.304740 secs
7.615664 secs
7.102871 secs
7.156253 secs
7.142349 secs
7.126718 secs
7.112620 secs
7.137154 secs
7.149186 secs
7.100746 secs
7.378682 secs
7.293344 secs
7.727455 secs
7.103059 secs
7.256854 secs
7.714469 secs
7.684190 secs
7.550821 secs
7.562254 secs
7.444868 secs
7.334481 secs
7.639785 secs
7.707567 secs
7.736594 secs
7.570567 secs
7.231701 secs
7.353058 secs
7.707941 secs
7.709013 secs
3.627005 secs
3.645848 secs
3.733160 secs
3.744308 secs
3.719921 secs
3.718880 secs
3.641618 secs
3.745205 secs
3.725385 secs
3.693372 secs
3.667896 secs
3.700083 secs
3.659621 secs
3.623893 secs
3.728898 secs
3.742624 secs
3.682534 secs
3.685138 secs
3.659896 secs
3.657773 secs
3.659474 secs
3.637296 secs
3.696769 secs
3.745836 secs
3.734078 secs
3.729871 secs
3.666935 secs
3.725518 secs
3.656614 secs
3.719646 secs
3.754784 secs
3.701991 secs
N=4096
[BLD] Matrix multiplication
[BLD] Matrix multiplication transposed
[BLD] Matrix multiplication submatrix
314.216224 secs
309.114850 secs
308.550823 secs
310.583850 secs
329.584225 secs
312.651987 secs
333.179236 secs
332.550854 secs
334.222335 secs
335.687159 secs
331.796540 secs
